<?xml version="1.0" encoding="UTF-8"?>
<!-- Generated by org.testng.reporters.JUnitXMLReporter -->
<testsuite hostname="DESKTOP-9JTRJBE" name="Mobile Automation" tests="67" failures="3" timestamp="25 Apr 2022 07:10:48 GMT" time="2151.832" errors="0">
  <testcase name="VerifyWithBlankSiteNameEnter" time="9.661" classname="Hybrent3_9_0rc3.Login"/>
  <testcase name="VerifyWithInvalidSiteNameEnter" time="6.382" classname="Hybrent3_9_0rc3.Login"/>
  <testcase name="VerifyWithValidSiteNameEnter" time="6.692" classname="Hybrent3_9_0rc3.Login"/>
  <testcase name="LoginWithBlankCrednetials" time="58.307" classname="Hybrent3_9_0rc3.Login"/>
  <testcase name="LoginWithInvalidCrednetials" time="8.191" classname="Hybrent3_9_0rc3.Login"/>
  <testcase name="LoginWithValidCrednetials" time="13.884" classname="Hybrent3_9_0rc3.Login"/>
  <testcase name="Verify_Shop" time="19.123" classname="Hybrent3_9_0rc3.Shop"/>
  <testcase name="Verify_ItemAddToCart" time="7.669" classname="Hybrent3_9_0rc3.Shop"/>
  <testcase name="Verify_Cart" time="49.32" classname="Hybrent3_9_0rc3.Cart"/>
  <testcase name="Verify_ADDItemsFromCart" time="33.641" classname="Hybrent3_9_0rc3.Cart"/>
  <testcase name="Create_Order" time="18.218" classname="Hybrent3_9_0rc3.Cart"/>
  <testcase name="Verify_Order" time="24.685" classname="Hybrent3_9_0rc3.Orders"/>
  <testcase name="VerifyTap_ReceiveOrder" time="42.875" classname="Hybrent3_9_0rc3.Receive_Orders"/>
  <testcase name="VerifySearch_Order" time="5.636" classname="Hybrent3_9_0rc3.Receive_Orders"/>
  <testcase name="Verify_ReceiveOrder" time="26.937" classname="Hybrent3_9_0rc3.Receive_Orders"/>
  <testcase name="VerifyTap_BillAndReplace" time="121.641" classname="Hybrent3_9_0rc3.BillAndReplace"/>
  <testcase name="VerifyAddItem_BillAndReplace" time="14.716" classname="Hybrent3_9_0rc3.BillAndReplace"/>
  <testcase name="Generate_BillAndReplace_PO" time="18.171" classname="Hybrent3_9_0rc3.BillAndReplace"/>
  <testcase name="Verify_BillAndReplace_PO" time="23.387" classname="Hybrent3_9_0rc3.BillAndReplace"/>
  <testcase name="Recieve_BillAndReplace_PO" time="129.202" classname="Hybrent3_9_0rc3.BillAndReplace">
    <failure type="org.openqa.selenium.TimeoutException" message="Expected condition failed: waiting for visibility of element located by By.xpath: /hierarchy/android.widget.FrameLayout/android.widget.LinearLayout/android.widget.FrameLayout/android.webkit.WebView/android.webkit.WebView/android.view.View/android.view.View[2]/android.view.View/android.view.View[2]/android.view.View[1]/android.view.View[2]/android.view.View/android.view.View[3]/android.view.View/android.widget.EditText
 (tried for 70 second(s) with 500 milliseconds interval)">
      <![CDATA[org.openqa.selenium.TimeoutException: Expected condition failed: waiting for visibility of element located by By.xpath: /hierarchy/android.widget.FrameLayout/android.widget.LinearLayout/android.widget.FrameLayout/android.webkit.WebView/android.webkit.WebView/android.view.View/android.view.View[2]/android.view.View/android.view.View[2]/android.view.View[1]/android.view.View[2]/android.view.View/android.view.View[3]/android.view.View/android.widget.EditText
 (tried for 70 second(s) with 500 milliseconds interval)
	at org.openqa.selenium.support.ui.WebDriverWait.timeoutException(WebDriverWait.java:95)
	at org.openqa.selenium.support.ui.FluentWait.until(FluentWait.java:272)
	at Hybrent3_9_0rc3.BillAndReplace.Recieve_BillAndReplace_PO(BillAndReplace.java:327)
Caused by: org.openqa.selenium.NoSuchElementException: An element could not be located on the page using the given search parameters.
For documentation on this error, please visit: https://www.seleniumhq.org/exceptions/no_such_element.html
Build info: version: '3.141.59', revision: 'e82be7d358', time: '2018-11-14T08:25:48'
System info: host: 'DESKTOP-9JTRJBE', ip: '192.168.1.7', os.name: 'Windows 10', os.arch: 'amd64', os.version: '10.0', java.version: '1.8.0_211'
Driver info: io.appium.java_client.android.AndroidDriver
Capabilities {appActivity: com.hybrent.hybrent.MainAct..., appPackage: com.hybrent.hybrent, databaseEnabled: false, desired: {appActivity: com.hybrent.hybrent.MainAct..., appPackage: com.hybrent.hybrent, deviceName: ZY2242XGM3, platformName: android, skipUnlock: true, version: 8.1.0}, deviceApiLevel: 27, deviceManufacturer: motorola, deviceModel: Moto G (5) Plus, deviceName: ZY2242XGM3, deviceScreenDensity: 480, deviceScreenSize: 1080x1920, deviceUDID: ZY2242XGM3, javascriptEnabled: true, locationContextEnabled: false, networkConnectionEnabled: true, pixelRatio: 3, platform: LINUX, platformName: Android, platformVersion: 8.1.0, skipUnlock: true, statBarHeight: 72, takesScreenshot: true, version: 8.1.0, viewportRect: {height: 1704, left: 0, top: 72, width: 1080}, warnings: {}, webStorageEnabled: false}
Session ID: 0451226b-4db6-4e46-bedc-1cafa85fa021
*** Element info: {Using=xpath, value=/hierarchy/android.widget.FrameLayout/android.widget.LinearLayout/android.widget.FrameLayout/android.webkit.WebView/android.webkit.WebView/android.view.View/android.view.View[2]/android.view.View/android.view.View[2]/android.view.View[1]/android.view.View[2]/android.view.View/android.view.View[3]/android.view.View/android.widget.EditText
}
	at org.openqa.selenium.remote.http.W3CHttpResponseCodec.createException(W3CHttpResponseCodec.java:187)
	at org.openqa.selenium.remote.http.W3CHttpResponseCodec.decode(W3CHttpResponseCodec.java:122)
	at org.openqa.selenium.remote.http.W3CHttpResponseCodec.decode(W3CHttpResponseCodec.java:49)
	at org.openqa.selenium.remote.HttpCommandExecutor.execute(HttpCommandExecutor.java:158)
	at io.appium.java_client.remote.AppiumCommandExecutor.execute(AppiumCommandExecutor.java:231)
	at org.openqa.selenium.remote.RemoteWebDriver.execute(RemoteWebDriver.java:552)
	at io.appium.java_client.DefaultGenericMobileDriver.execute(DefaultGenericMobileDriver.java:42)
	at io.appium.java_client.AppiumDriver.execute(AppiumDriver.java:1)
	at io.appium.java_client.android.AndroidDriver.execute(AndroidDriver.java:1)
	at org.openqa.selenium.remote.RemoteWebDriver.findElement(RemoteWebDriver.java:323)
	at io.appium.java_client.DefaultGenericMobileDriver.findElement(DefaultGenericMobileDriver.java:62)
	at io.appium.java_client.AppiumDriver.findElement(AppiumDriver.java:1)
	at io.appium.java_client.android.AndroidDriver.findElement(AndroidDriver.java:1)
	at org.openqa.selenium.remote.RemoteWebDriver.findElementByXPath(RemoteWebDriver.java:428)
	at io.appium.java_client.DefaultGenericMobileDriver.findElementByXPath(DefaultGenericMobileDriver.java:152)
	at io.appium.java_client.AppiumDriver.findElementByXPath(AppiumDriver.java:1)
	at io.appium.java_client.android.AndroidDriver.findElementByXPath(AndroidDriver.java:1)
	at org.openqa.selenium.By$ByXPath.findElement(By.java:353)
	at org.openqa.selenium.remote.RemoteWebDriver.findElement(RemoteWebDriver.java:315)
	at io.appium.java_client.DefaultGenericMobileDriver.findElement(DefaultGenericMobileDriver.java:58)
	at io.appium.java_client.AppiumDriver.findElement(AppiumDriver.java:1)
	at io.appium.java_client.android.AndroidDriver.findElement(AndroidDriver.java:1)
	at org.openqa.selenium.support.ui.ExpectedConditions$7.apply(ExpectedConditions.java:205)
	at org.openqa.selenium.support.ui.ExpectedConditions$7.apply(ExpectedConditions.java:201)
	at org.openqa.selenium.support.ui.FluentWait.until(FluentWait.java:249)
	... 25 more
... Removed 28 stack frames]]>
    </failure>
  </testcase> <!-- Recieve_BillAndReplace_PO -->
  <testcase name="VerifyShipmentButtonTap" time="17.843" classname="Hybrent3_9_0rc3.Shipment"/>
  <testcase name="VerifyShipmentDeatailPage" time="1.329" classname="Hybrent3_9_0rc3.Shipment"/>
  <testcase name="ReceiveShipment" time="64.449" classname="Hybrent3_9_0rc3.Shipment"/>
  <testcase name="VerifyInvoiceButtonTap" time="11.387" classname="Hybrent3_9_0rc3.Invoice"/>
  <testcase name="VerifyInvoiceDeatilPage" time="6.014" classname="Hybrent3_9_0rc3.Invoice"/>
  <testcase name="VerifyProcessedInvoice" time="24.913" classname="Hybrent3_9_0rc3.Invoice"/>
  <testcase name="Verify_OrderTemplate" time="46.644" classname="Hybrent3_9_0rc3.Templates"/>
  <testcase name="Verify_OrderTemplateDetailPage" time="10.201" classname="Hybrent3_9_0rc3.Templates"/>
  <testcase name="Make_Order" time="13.292" classname="Hybrent3_9_0rc3.Templates"/>
  <testcase name="Verify_ScanOutTemplate" time="24.559" classname="Hybrent3_9_0rc3.Templates"/>
  <testcase name="Verify_ScanOutTemplateDetailPage" time="9.121" classname="Hybrent3_9_0rc3.Templates"/>
  <testcase name="Verify_ScanOut" time="37.962" classname="Hybrent3_9_0rc3.Templates"/>
  <testcase name="Verify_KitTemplate" time="0.468" classname="Hybrent3_9_0rc3.Templates"/>
  <testcase name="Verify_KitTemplateDetailPage" time="14.377" classname="Hybrent3_9_0rc3.Templates"/>
  <testcase name="Make_Kit" time="15.67" classname="Hybrent3_9_0rc3.Templates"/>
  <testcase name="Verify_ScanInButtonTap" time="17.081" classname="Hybrent3_9_0rc3.ScanIn"/>
  <testcase name="VerifyAddItem_ScanIn" time="23.807" classname="Hybrent3_9_0rc3.ScanIn"/>
  <testcase name="Verify_Complete_ScanIn" time="27.636" classname="Hybrent3_9_0rc3.ScanIn"/>
  <testcase name="Verify_ScanOutButtonTap" time="12.42" classname="Hybrent3_9_0rc3.ScanOut"/>
  <testcase name="Verify_AddItemScanOut" time="10.68" classname="Hybrent3_9_0rc3.ScanOut"/>
  <testcase name="Verify_Complete_ScanOut" time="55.63" classname="Hybrent3_9_0rc3.ScanOut"/>
  <testcase name="VerifyChargeResidentButtonTap" time="22.16" classname="Hybrent3_9_0rc3.Charge_Resident"/>
  <testcase name="VerifyAddItemChargeResident" time="42.913" classname="Hybrent3_9_0rc3.Charge_Resident"/>
  <testcase name="VerifyCompleteChargeResident" time="37.705" classname="Hybrent3_9_0rc3.Charge_Resident"/>
  <testcase name="VerifyInventoryTransferButtonTap" time="39.94" classname="Hybrent3_9_0rc3.Inventory_Transfer"/>
  <testcase name="VerifyAddItemTransfer" time="70.066" classname="Hybrent3_9_0rc3.Inventory_Transfer">
    <failure type="org.openqa.selenium.TimeoutException" message="Expected condition failed: waiting for visibility of element located by By.xpath: /hierarchy/android.widget.FrameLayout/android.widget.LinearLayout/android.widget.FrameLayout/android.webkit.WebView/android.webkit.WebView/android.view.View/android.view.View[2]/android.view.View[2]/android.view.View/android.view.View[2]/android.view.View[1]/android.view.View/android.view.View[2]/android.view.View[1]/android.view.View[1]/android.view.View (tried for 30 second(s) with 500 milliseconds interval)">
      <![CDATA[org.openqa.selenium.TimeoutException: Expected condition failed: waiting for visibility of element located by By.xpath: /hierarchy/android.widget.FrameLayout/android.widget.LinearLayout/android.widget.FrameLayout/android.webkit.WebView/android.webkit.WebView/android.view.View/android.view.View[2]/android.view.View[2]/android.view.View/android.view.View[2]/android.view.View[1]/android.view.View/android.view.View[2]/android.view.View[1]/android.view.View[1]/android.view.View (tried for 30 second(s) with 500 milliseconds interval)
	at org.openqa.selenium.support.ui.WebDriverWait.timeoutException(WebDriverWait.java:95)
	at org.openqa.selenium.support.ui.FluentWait.until(FluentWait.java:272)
	at Hybrent3_9_0rc3.Inventory_Transfer.VerifyAddItemTransfer(Inventory_Transfer.java:115)
Caused by: org.openqa.selenium.NoSuchElementException: An element could not be located on the page using the given search parameters.
For documentation on this error, please visit: https://www.seleniumhq.org/exceptions/no_such_element.html
Build info: version: '3.141.59', revision: 'e82be7d358', time: '2018-11-14T08:25:48'
System info: host: 'DESKTOP-9JTRJBE', ip: '192.168.1.7', os.name: 'Windows 10', os.arch: 'amd64', os.version: '10.0', java.version: '1.8.0_211'
Driver info: io.appium.java_client.android.AndroidDriver
Capabilities {appActivity: com.hybrent.hybrent.MainAct..., appPackage: com.hybrent.hybrent, databaseEnabled: false, desired: {appActivity: com.hybrent.hybrent.MainAct..., appPackage: com.hybrent.hybrent, deviceName: ZY2242XGM3, platformName: android, skipUnlock: true, version: 8.1.0}, deviceApiLevel: 27, deviceManufacturer: motorola, deviceModel: Moto G (5) Plus, deviceName: ZY2242XGM3, deviceScreenDensity: 480, deviceScreenSize: 1080x1920, deviceUDID: ZY2242XGM3, javascriptEnabled: true, locationContextEnabled: false, networkConnectionEnabled: true, pixelRatio: 3, platform: LINUX, platformName: Android, platformVersion: 8.1.0, skipUnlock: true, statBarHeight: 72, takesScreenshot: true, version: 8.1.0, viewportRect: {height: 1704, left: 0, top: 72, width: 1080}, warnings: {}, webStorageEnabled: false}
Session ID: 0451226b-4db6-4e46-bedc-1cafa85fa021
*** Element info: {Using=xpath, value=/hierarchy/android.widget.FrameLayout/android.widget.LinearLayout/android.widget.FrameLayout/android.webkit.WebView/android.webkit.WebView/android.view.View/android.view.View[2]/android.view.View[2]/android.view.View/android.view.View[2]/android.view.View[1]/android.view.View/android.view.View[2]/android.view.View[1]/android.view.View[1]/android.view.View}
	at org.openqa.selenium.remote.http.W3CHttpResponseCodec.createException(W3CHttpResponseCodec.java:187)
	at org.openqa.selenium.remote.http.W3CHttpResponseCodec.decode(W3CHttpResponseCodec.java:122)
	at org.openqa.selenium.remote.http.W3CHttpResponseCodec.decode(W3CHttpResponseCodec.java:49)
	at org.openqa.selenium.remote.HttpCommandExecutor.execute(HttpCommandExecutor.java:158)
	at io.appium.java_client.remote.AppiumCommandExecutor.execute(AppiumCommandExecutor.java:231)
	at org.openqa.selenium.remote.RemoteWebDriver.execute(RemoteWebDriver.java:552)
	at io.appium.java_client.DefaultGenericMobileDriver.execute(DefaultGenericMobileDriver.java:42)
	at io.appium.java_client.AppiumDriver.execute(AppiumDriver.java:1)
	at io.appium.java_client.android.AndroidDriver.execute(AndroidDriver.java:1)
	at org.openqa.selenium.remote.RemoteWebDriver.findElement(RemoteWebDriver.java:323)
	at io.appium.java_client.DefaultGenericMobileDriver.findElement(DefaultGenericMobileDriver.java:62)
	at io.appium.java_client.AppiumDriver.findElement(AppiumDriver.java:1)
	at io.appium.java_client.android.AndroidDriver.findElement(AndroidDriver.java:1)
	at org.openqa.selenium.remote.RemoteWebDriver.findElementByXPath(RemoteWebDriver.java:428)
	at io.appium.java_client.DefaultGenericMobileDriver.findElementByXPath(DefaultGenericMobileDriver.java:152)
	at io.appium.java_client.AppiumDriver.findElementByXPath(AppiumDriver.java:1)
	at io.appium.java_client.android.AndroidDriver.findElementByXPath(AndroidDriver.java:1)
	at org.openqa.selenium.By$ByXPath.findElement(By.java:353)
	at org.openqa.selenium.remote.RemoteWebDriver.findElement(RemoteWebDriver.java:315)
	at io.appium.java_client.DefaultGenericMobileDriver.findElement(DefaultGenericMobileDriver.java:58)
	at io.appium.java_client.AppiumDriver.findElement(AppiumDriver.java:1)
	at io.appium.java_client.android.AndroidDriver.findElement(AndroidDriver.java:1)
	at org.openqa.selenium.support.ui.ExpectedConditions$7.apply(ExpectedConditions.java:205)
	at org.openqa.selenium.support.ui.ExpectedConditions$7.apply(ExpectedConditions.java:201)
	at org.openqa.selenium.support.ui.FluentWait.until(FluentWait.java:249)
	... 25 more
... Removed 28 stack frames]]>
    </failure>
  </testcase> <!-- VerifyAddItemTransfer -->
  <testcase name="VerifyCompleteInventoryTransfer" time="61.768" classname="Hybrent3_9_0rc3.Inventory_Transfer">
    <failure type="org.openqa.selenium.TimeoutException" message="Expected condition failed: waiting for visibility of element located by By.xpath: /hierarchy/android.widget.FrameLayout/android.widget.LinearLayout/android.widget.FrameLayout/android.webkit.WebView/android.webkit.WebView/android.view.View/android.view.View[3]/android.view.View[2]/android.view.View/android.view.View[2]/android.view.View[1]/android.view.View/android.view.View[2]/android.widget.ListView/android.view.View[1]/android.view.View/android.view.View/android.widget.Button (tried for 30 second(s) with 500 milliseconds interval)">
      <![CDATA[org.openqa.selenium.TimeoutException: Expected condition failed: waiting for visibility of element located by By.xpath: /hierarchy/android.widget.FrameLayout/android.widget.LinearLayout/android.widget.FrameLayout/android.webkit.WebView/android.webkit.WebView/android.view.View/android.view.View[3]/android.view.View[2]/android.view.View/android.view.View[2]/android.view.View[1]/android.view.View/android.view.View[2]/android.widget.ListView/android.view.View[1]/android.view.View/android.view.View/android.widget.Button (tried for 30 second(s) with 500 milliseconds interval)
	at org.openqa.selenium.support.ui.WebDriverWait.timeoutException(WebDriverWait.java:95)
	at org.openqa.selenium.support.ui.FluentWait.until(FluentWait.java:272)
	at Hybrent3_9_0rc3.Inventory_Transfer.VerifyCompleteInventoryTransfer(Inventory_Transfer.java:158)
Caused by: org.openqa.selenium.NoSuchElementException: An element could not be located on the page using the given search parameters.
For documentation on this error, please visit: https://www.seleniumhq.org/exceptions/no_such_element.html
Build info: version: '3.141.59', revision: 'e82be7d358', time: '2018-11-14T08:25:48'
System info: host: 'DESKTOP-9JTRJBE', ip: '192.168.1.7', os.name: 'Windows 10', os.arch: 'amd64', os.version: '10.0', java.version: '1.8.0_211'
Driver info: io.appium.java_client.android.AndroidDriver
Capabilities {appActivity: com.hybrent.hybrent.MainAct..., appPackage: com.hybrent.hybrent, databaseEnabled: false, desired: {appActivity: com.hybrent.hybrent.MainAct..., appPackage: com.hybrent.hybrent, deviceName: ZY2242XGM3, platformName: android, skipUnlock: true, version: 8.1.0}, deviceApiLevel: 27, deviceManufacturer: motorola, deviceModel: Moto G (5) Plus, deviceName: ZY2242XGM3, deviceScreenDensity: 480, deviceScreenSize: 1080x1920, deviceUDID: ZY2242XGM3, javascriptEnabled: true, locationContextEnabled: false, networkConnectionEnabled: true, pixelRatio: 3, platform: LINUX, platformName: Android, platformVersion: 8.1.0, skipUnlock: true, statBarHeight: 72, takesScreenshot: true, version: 8.1.0, viewportRect: {height: 1704, left: 0, top: 72, width: 1080}, warnings: {}, webStorageEnabled: false}
Session ID: 0451226b-4db6-4e46-bedc-1cafa85fa021
*** Element info: {Using=xpath, value=/hierarchy/android.widget.FrameLayout/android.widget.LinearLayout/android.widget.FrameLayout/android.webkit.WebView/android.webkit.WebView/android.view.View/android.view.View[3]/android.view.View[2]/android.view.View/android.view.View[2]/android.view.View[1]/android.view.View/android.view.View[2]/android.widget.ListView/android.view.View[1]/android.view.View/android.view.View/android.widget.Button}
	at org.openqa.selenium.remote.http.W3CHttpResponseCodec.createException(W3CHttpResponseCodec.java:187)
	at org.openqa.selenium.remote.http.W3CHttpResponseCodec.decode(W3CHttpResponseCodec.java:122)
	at org.openqa.selenium.remote.http.W3CHttpResponseCodec.decode(W3CHttpResponseCodec.java:49)
	at org.openqa.selenium.remote.HttpCommandExecutor.execute(HttpCommandExecutor.java:158)
	at io.appium.java_client.remote.AppiumCommandExecutor.execute(AppiumCommandExecutor.java:231)
	at org.openqa.selenium.remote.RemoteWebDriver.execute(RemoteWebDriver.java:552)
	at io.appium.java_client.DefaultGenericMobileDriver.execute(DefaultGenericMobileDriver.java:42)
	at io.appium.java_client.AppiumDriver.execute(AppiumDriver.java:1)
	at io.appium.java_client.android.AndroidDriver.execute(AndroidDriver.java:1)
	at org.openqa.selenium.remote.RemoteWebDriver.findElement(RemoteWebDriver.java:323)
	at io.appium.java_client.DefaultGenericMobileDriver.findElement(DefaultGenericMobileDriver.java:62)
	at io.appium.java_client.AppiumDriver.findElement(AppiumDriver.java:1)
	at io.appium.java_client.android.AndroidDriver.findElement(AndroidDriver.java:1)
	at org.openqa.selenium.remote.RemoteWebDriver.findElementByXPath(RemoteWebDriver.java:428)
	at io.appium.java_client.DefaultGenericMobileDriver.findElementByXPath(DefaultGenericMobileDriver.java:152)
	at io.appium.java_client.AppiumDriver.findElementByXPath(AppiumDriver.java:1)
	at io.appium.java_client.android.AndroidDriver.findElementByXPath(AndroidDriver.java:1)
	at org.openqa.selenium.By$ByXPath.findElement(By.java:353)
	at org.openqa.selenium.remote.RemoteWebDriver.findElement(RemoteWebDriver.java:315)
	at io.appium.java_client.DefaultGenericMobileDriver.findElement(DefaultGenericMobileDriver.java:58)
	at io.appium.java_client.AppiumDriver.findElement(AppiumDriver.java:1)
	at io.appium.java_client.android.AndroidDriver.findElement(AndroidDriver.java:1)
	at org.openqa.selenium.support.ui.ExpectedConditions$7.apply(ExpectedConditions.java:205)
	at org.openqa.selenium.support.ui.ExpectedConditions$7.apply(ExpectedConditions.java:201)
	at org.openqa.selenium.support.ui.FluentWait.until(FluentWait.java:249)
	... 25 more
... Removed 27 stack frames]]>
    </failure>
  </testcase> <!-- VerifyCompleteInventoryTransfer -->
  <testcase name="VerifyInventoryRecieveButtonTap" time="51.971" classname="Hybrent3_9_0rc3.Inventory_Receive"/>
  <testcase name="VerifyCompleteInventoryRecieve" time="31.264" classname="Hybrent3_9_0rc3.Inventory_Receive"/>
  <testcase name="CreateVendorSignature" time="32.781" classname="Hybrent3_9_0rc3.Inventory_Receive"/>
  <testcase name="VerifyBillOnlyButtonTap" time="63.121" classname="Hybrent3_9_0rc3.BillOnly"/>
  <testcase name="VerifyAddNewItemBillOnly" time="29.737" classname="Hybrent3_9_0rc3.BillOnly"/>
  <testcase name="GenerateOrderBillOnly" time="69.456" classname="Hybrent3_9_0rc3.BillOnly"/>
  <testcase name="VerifyStartNewClaimButtonTap" time="31.155" classname="Hybrent3_9_0rc3.Claim"/>
  <testcase name="VerifyAddItemInClaim" time="22.331" classname="Hybrent3_9_0rc3.Claim"/>
  <testcase name="VerifyClaimCreation" time="33.736" classname="Hybrent3_9_0rc3.Claim"/>
  <testcase name="VerifyCycleCountButtonTap" time="48.507" classname="Hybrent3_9_0rc3.Cycle_Count"/>
  <testcase name="VerifyIntiateCycleCount" time="120.836" classname="Hybrent3_9_0rc3.Cycle_Count"/>
  <testcase name="Verify_CycleCount" time="4.842" classname="Hybrent3_9_0rc3.Cycle_Count"/>
  <testcase name="VerifyNewsAndEventsButtonTap" time="47.137" classname="Hybrent3_9_0rc3.NewsAndEvents"/>
  <testcase name="VerifyNewsDescriptionScreen" time="14.406" classname="Hybrent3_9_0rc3.NewsAndEvents"/>
  <testcase name="VerifyProfileButtonTap" time="42.234" classname="Hybrent3_9_0rc3.Profile"/>
  <testcase name="VerifyProfileScreen" time="31.339" classname="Hybrent3_9_0rc3.Profile"/>
  <testcase name="VerifySettingsButtonTap" time="11.924" classname="Hybrent3_9_0rc3.Settings"/>
  <testcase name="VerifySettingsScreen" time="31.196" classname="Hybrent3_9_0rc3.Settings"/>
  <testcase name="VerifyLogoutButtonTap" time="44.122" classname="Hybrent3_9_0rc3.Logout"/>
  <testcase name="VerifyLogout" time="0.873" classname="Hybrent3_9_0rc3.Logout"/>
</testsuite> <!-- Mobile Automation -->
